GOROOT=C:\Program Files\Go #gosetup
GOPATH=C:\Users\14766\go #gosetup
"C:\Program Files\Go\bin\go.exe" build -o C:\Users\14766\AppData\Local\JetBrains\GoLand2024.1\tmp\GoLand\___1go_build_BlockChain_Dai.exe BlockChain_Dai #gosetup
C:\Users\14766\AppData\Local\JetBrains\GoLand2024.1\tmp\GoLand\___1go_build_BlockChain_Dai.exe #gosetup
---------------------------------------------------------------------------------------
[func (c *Config) show()]:
Version: 1 ,Target: 29 ,MinerID: Miner02 ,RoundTime: 1000000
TargetInt: 215679573337205118357336120696157045389097155380324579848828881993728
---------------------------------------------------------------------------------------
[func (bc *Blockchain) ReadBlockchain()]:
Listening at localhost:12002...
No existing blockchain found. Creating a new one...
[func CreateGenesisBlock(data string) *Block]:
TxRoot: fcbf7eec47cd910feb4194075e2727ad570395629af5c98c0972b6aa8ce03af0
CreateGenesisBlock success with data: Mr.Dai
---------------------------------------------------------------------------------------
【Show the entire blockchain】:
[func (b *Block) show()]:
Version: 1 ,PrevHash: 0000000000000000000000000000000000000000000000000000000000000000 ,Time: 0 ,TargetBits: 29 ,Nonce: 347306002 ,TxRoot: fcbf7eec47cd910feb4194075e2727ad570395629af5c98c0972b6aa8ce03af0
MinerId: Mr.Dai ,Height: 0
---------------------------------------------------------------------------------------
[func (bc *BlockChain) NewBlock()]:
[func (b *Block) init()]:
Version: 1 ,Time: 1713862032 ,TargetBits: 29 ,Nonce: 5340281163019871623 ,MinerId: Miner02
[func (bc *BlockChain) AddPrevMessage()]:
newBlock.Contain.Height: 1
TxRoot: b8d13383af4c6009b7b9d3e193ff9babdd5d558cc780c17de0f8389f8f1eb84c
newBlock.Head.TxRoot: b8d13383af4c6009b7b9d3e193ff9babdd5d558cc780c17de0f8389f8f1eb84c
newBlock.Head.PrevHash: 000000071d3d84f2bf84c56a616edd963c0a1a7fa490c34a010e9c580ce19397
[func (b *Block) show()]:
Version: 1 ,PrevHash: 000000071d3d84f2bf84c56a616edd963c0a1a7fa490c34a010e9c580ce19397 ,Time: 1713862032 ,TargetBits: 29 ,Nonce: 5340281163019871623 ,TxRoot: b8d13383af4c6009b7b9d3e193ff9babdd5d558cc780c17de0f8389f8f1eb84c
MinerId: Miner02 ,Height: 1
Handling new connection...
Received BlockChain:
---------------------------------------------------------------------------------------
【Show the entire blockchain】:
[func (b *Block) show()]:
Version: 1 ,PrevHash: 0000000000000000000000000000000000000000000000000000000000000000 ,Time: 0 ,TargetBits: 29 ,Nonce: 347306002 ,TxRoot: fcbf7eec47cd910feb4194075e2727ad570395629af5c98c0972b6aa8ce03af0
MinerId: Mr.Dai ,Height: 0
[func (b *Block) show()]:
Version: 1 ,PrevHash: 000000071d3d84f2bf84c56a616edd963c0a1a7fa490c34a010e9c580ce19397 ,Time: 1713861517 ,TargetBits: 29 ,Nonce: 7682130885682942646 ,TxRoot: d05e0f6974bab222b57dd24ecf0f4ce2d5e4a5519125d2abbc172ab503b517df
MinerId: Miner01 ,Height: 1
[func (b *Block) show()]:
Version: 1 ,PrevHash: 0000000627c200b131d63780edf2364be7abd893948995a353386ee23dcc5479 ,Time: 1713861734 ,TargetBits: 29 ,Nonce: 411779348237935561 ,TxRoot: 3219900e8f483c6b6e97d532e5175373062cfb0433f06bca4edb3fc04d4ddf7b
MinerId: Miner03 ,Height: 2
[func (b *Block) show()]:
Version: 1 ,PrevHash: 00000002f224efcfb097b64f82024ad6885dbd9999f7a9a3c849482a84e41062 ,Time: 1713861759 ,TargetBits: 29 ,Nonce: 3466299358183795793 ,TxRoot: ed2f367cd8e4de17afbd4ab47fee82b6a83ec40f01bab4d4ea89edd032254dc3
MinerId: Miner03 ,Height: 3
[func (b *Block) show()]:
Version: 1 ,PrevHash: 00000000d81519f25acb512284762bbb25deb44816dcfce965ed6d22a24624c0 ,Time: 1713861825 ,TargetBits: 29 ,Nonce: 2904176259884484252 ,TxRoot: 02f201290c0dcc9d570e66073466142d43a2c836e19a11113b30bc8b9deb1912
MinerId: Miner03 ,Height: 4
[func (b *Block) show()]:
Version: 1 ,PrevHash: 00000003963425b55a0faabfca10fdd8450b5e85a1936be92c24db60c0bb8b21 ,Time: 1713861915 ,TargetBits: 29 ,Nonce: 6477302347213619674 ,TxRoot: 35eddb257ef8365e280964ac8c3ad845f038d3ec24a666e0c0cf4af6cce10622
MinerId: Miner03 ,Height: 5
[func (b *Block) show()]:
Version: 1 ,PrevHash: 00000004e01ffbfbf42412c9be349a2d36d6d73be64bc0f91501ad455075cf07 ,Time: 1713862030 ,TargetBits: 29 ,Nonce: 7548019710414541982 ,TxRoot: 23f3185654e5bc62fef228b703bd4168308aa020a3e52f4b34959c1a4dcc37e8
MinerId: Miner01 ,Height: 6
---------------------------------------------------------------------------------------
[func (bc *BlockChain) Validate()]:
TxRoot: 23f3185654e5bc62fef228b703bd4168308aa020a3e52f4b34959c1a4dcc37e8
TxRoot: 35eddb257ef8365e280964ac8c3ad845f038d3ec24a666e0c0cf4af6cce10622
TxRoot: 02f201290c0dcc9d570e66073466142d43a2c836e19a11113b30bc8b9deb1912
TxRoot: ed2f367cd8e4de17afbd4ab47fee82b6a83ec40f01bab4d4ea89edd032254dc3
TxRoot: 3219900e8f483c6b6e97d532e5175373062cfb0433f06bca4edb3fc04d4ddf7b
TxRoot: d05e0f6974bab222b57dd24ecf0f4ce2d5e4a5519125d2abbc172ab503b517df
BlockChain is valid!
[func (bc *Blockchain) SaveBlockchain()]:
Save block: 0 [123 34 72 101 97 100 34 58 123 34 86 101 114 115 105 111 110 34 58 49 44 34 80 114 101 118 72 97 115 104 34 58 34 48 48 48 48 48 48 48 48 48 48 48 48 48 48 48 48 48 48 48 48 48 48 48 48 48 48 48 48 48 48 48 48 48 48 48 48 48 48 48 48 48 48 48 48 48 48 48 48 48 48 48 48 48 48 48 48 48 48 48 48 48 48 48 48 34 44 34 84 105 109 101 34 58 48 44 34 84 97 114 103 101 116 66 105 116 115 34 58 50 57 44 34 78 111 110 99 101 34 58 51 52 55 51 48 54 48 48 50 44 34 84 120 82 111 111 116 34 58 34 102 99 98 102 55 101 101 99 52 55 99 100 57 49 48 102 101 98 52 49 57 52 48 55 53 101 50 55 50 55 97 100 53 55 48 51 57 53 54 50 57 97 102 53 99 57 56 99 48 57 55 50 98 54 97 97 56 99 101 48 51 97 102 48 34 125 44 34 67 111 110 116 97 105 110 34 58 123 34 77 105 110 101 114 73 100 34 58 34 77 114 46 68 97 105 34 44 34 72 101 105 103 104 116 34 58 48 125 125]
Save block: 1713861517 [123 34 72 101 97 100 34 58 123 34 86 101 114 115 105 111 110 34 58 49 44 34 80 114 101 118 72 97 115 104 34 58 34 48 48 48 48 48 48 48 55 49 100 51 100 56 52 102 50 98 102 56 52 99 53 54 97 54 49 54 101 100 100 57 54 51 99 48 97 49 97 55 102 97 52 57 48 99 51 52 97 48 49 48 101 57 99 53 56 48 99 101 49 57 51 57 55 34 44 34 84 105 109 101 34 58 49 55 49 51 56 54 49 53 49 55 44 34 84 97 114 103 101 116 66 105 116 115 34 58 50 57 44 34 78 111 110 99 101 34 58 55 54 56 50 49 51 48 56 56 53 54 56 50 57 52 50 54 52 54 44 34 84 120 82 111 111 116 34 58 34 100 48 53 101 48 102 54 57 55 52 98 97 98 50 50 50 98 53 55 100 100 50 52 101 99 102 48 102 52 99 101 50 100 53 101 52 97 53 53 49 57 49 50 53 100 50 97 98 98 99 49 55 50 97 98 53 48 51 98 53 49 55 100 102 34 125 44 34 67 111 110 116 97 105 110 34 58 123 34 77 105 110 101 114 73 100 34 58 34 77 105 110 101 114 48 49 34 44 34 72 101 105 103 104 116 34 58 49 125 125]
Save block: 1713861734 [123 34 72 101 97 100 34 58 123 34 86 101 114 115 105 111 110 34 58 49 44 34 80 114 101 118 72 97 115 104 34 58 34 48 48 48 48 48 48 48 54 50 55 99 50 48 48 98 49 51 49 100 54 51 55 56 48 101 100 102 50 51 54 52 98 101 55 97 98 100 56 57 51 57 52 56 57 57 53 97 51 53 51 51 56 54 101 101 50 51 100 99 99 53 52 55 57 34 44 34 84 105 109 101 34 58 49 55 49 51 56 54 49 55 51 52 44 34 84 97 114 103 101 116 66 105 116 115 34 58 50 57 44 34 78 111 110 99 101 34 58 52 49 49 55 55 57 51 52 56 50 51 55 57 51 53 53 54 49 44 34 84 120 82 111 111 116 34 58 34 51 50 49 57 57 48 48 101 56 102 52 56 51 99 54 98 54 101 57 55 100 53 51 50 101 53 49 55 53 51 55 51 48 54 50 99 102 98 48 52 51 51 102 48 54 98 99 97 52 101 100 98 51 102 99 48 52 100 52 100 100 102 55 98 34 125 44 34 67 111 110 116 97 105 110 34 58 123 34 77 105 110 101 114 73 100 34 58 34 77 105 110 101 114 48 51 34 44 34 72 101 105 103 104 116 34 58 50 125 125]
Save block: 1713861759 [123 34 72 101 97 100 34 58 123 34 86 101 114 115 105 111 110 34 58 49 44 34 80 114 101 118 72 97 115 104 34 58 34 48 48 48 48 48 48 48 50 102 50 50 52 101 102 99 102 98 48 57 55 98 54 52 102 56 50 48 50 52 97 100 54 56 56 53 100 98 100 57 57 57 57 102 55 97 57 97 51 99 56 52 57 52 56 50 97 56 52 101 52 49 48 54 50 34 44 34 84 105 109 101 34 58 49 55 49 51 56 54 49 55 53 57 44 34 84 97 114 103 101 116 66 105 116 115 34 58 50 57 44 34 78 111 110 99 101 34 58 51 52 54 54 50 57 57 51 53 56 49 56 51 55 57 53 55 57 51 44 34 84 120 82 111 111 116 34 58 34 101 100 50 102 51 54 55 99 100 56 101 52 100 101 49 55 97 102 98 100 52 97 98 52 55 102 101 101 56 50 98 54 97 56 51 101 99 52 48 102 48 49 98 97 98 52 100 52 101 97 56 57 101 100 100 48 51 50 50 53 52 100 99 51 34 125 44 34 67 111 110 116 97 105 110 34 58 123 34 77 105 110 101 114 73 100 34 58 34 77 105 110 101 114 48 51 34 44 34 72 101 105 103 104 116 34 58 51 125 125]
Save block: 1713861825 [123 34 72 101 97 100 34 58 123 34 86 101 114 115 105 111 110 34 58 49 44 34 80 114 101 118 72 97 115 104 34 58 34 48 48 48 48 48 48 48 48 100 56 49 53 49 57 102 50 53 97 99 98 53 49 50 50 56 52 55 54 50 98 98 98 50 53 100 101 98 52 52 56 49 54 100 99 102 99 101 57 54 53 101 100 54 100 50 50 97 50 52 54 50 52 99 48 34 44 34 84 105 109 101 34 58 49 55 49 51 56 54 49 56 50 53 44 34 84 97 114 103 101 116 66 105 116 115 34 58 50 57 44 34 78 111 110 99 101 34 58 50 57 48 52 49 55 54 50 53 57 56 56 52 52 56 52 50 53 50 44 34 84 120 82 111 111 116 34 58 34 48 50 102 50 48 49 50 57 48 99 48 100 99 99 57 100 53 55 48 101 54 54 48 55 51 52 54 54 49 52 50 100 52 51 97 50 99 56 51 54 101 49 57 97 49 49 49 49 51 98 51 48 98 99 56 98 57 100 101 98 49 57 49 50 34 125 44 34 67 111 110 116 97 105 110 34 58 123 34 77 105 110 101 114 73 100 34 58 34 77 105 110 101 114 48 51 34 44 34 72 101 105 103 104 116 34 58 52 125 125]
Save block: 1713861915 [123 34 72 101 97 100 34 58 123 34 86 101 114 115 105 111 110 34 58 49 44 34 80 114 101 118 72 97 115 104 34 58 34 48 48 48 48 48 48 48 51 57 54 51 52 50 53 98 53 53 97 48 102 97 97 98 102 99 97 49 48 102 100 100 56 52 53 48 98 53 101 56 53 97 49 57 51 54 98 101 57 50 99 50 52 100 98 54 48 99 48 98 98 56 98 50 49 34 44 34 84 105 109 101 34 58 49 55 49 51 56 54 49 57 49 53 44 34 84 97 114 103 101 116 66 105 116 115 34 58 50 57 44 34 78 111 110 99 101 34 58 54 52 55 55 51 48 50 51 52 55 50 49 51 54 49 57 54 55 52 44 34 84 120 82 111 111 116 34 58 34 51 53 101 100 100 98 50 53 55 101 102 56 51 54 53 101 50 56 48 57 54 52 97 99 56 99 51 97 100 56 52 53 102 48 51 56 100 51 101 99 50 52 97 54 54 54 101 48 99 48 99 102 52 97 102 54 99 99 101 49 48 54 50 50 34 125 44 34 67 111 110 116 97 105 110 34 58 123 34 77 105 110 101 114 73 100 34 58 34 77 105 110 101 114 48 51 34 44 34 72 101 105 103 104 116 34 58 53 125 125]
Save block: 1713862030 [123 34 72 101 97 100 34 58 123 34 86 101 114 115 105 111 110 34 58 49 44 34 80 114 101 118 72 97 115 104 34 58 34 48 48 48 48 48 48 48 52 101 48 49 102 102 98 102 98 102 52 50 52 49 50 99 57 98 101 51 52 57 97 50 100 51 54 100 54 100 55 51 98 101 54 52 98 99 48 102 57 49 53 48 49 97 100 52 53 53 48 55 53 99 102 48 55 34 44 34 84 105 109 101 34 58 49 55 49 51 56 54 50 48 51 48 44 34 84 97 114 103 101 116 66 105 116 115 34 58 50 57 44 34 78 111 110 99 101 34 58 55 53 52 56 48 49 57 55 49 48 52 49 52 53 52 49 57 56 50 44 34 84 120 82 111 111 116 34 58 34 50 51 102 51 49 56 53 54 53 52 101 53 98 99 54 50 102 101 102 50 50 56 98 55 48 51 98 100 52 49 54 56 51 48 56 97 97 48 50 48 97 51 101 53 50 102 52 98 51 52 57 53 57 99 49 97 52 100 99 99 51 55 101 56 34 125 44 34 67 111 110 116 97 105 110 34 58 123 34 77 105 110 101 114 73 100 34 58 34 77 105 110 101 114 48 49 34 44 34 72 101 105 103 104 116 34 58 54 125 125]
---------------------------------------------------------------------------------------
【Show the entire blockchain】:
[func (b *Block) show()]:
Version: 1 ,PrevHash: 0000000000000000000000000000000000000000000000000000000000000000 ,Time: 0 ,TargetBits: 29 ,Nonce: 347306002 ,TxRoot: fcbf7eec47cd910feb4194075e2727ad570395629af5c98c0972b6aa8ce03af0
MinerId: Mr.Dai ,Height: 0
[func (b *Block) show()]:
Version: 1 ,PrevHash: 000000071d3d84f2bf84c56a616edd963c0a1a7fa490c34a010e9c580ce19397 ,Time: 1713861517 ,TargetBits: 29 ,Nonce: 7682130885682942646 ,TxRoot: d05e0f6974bab222b57dd24ecf0f4ce2d5e4a5519125d2abbc172ab503b517df
MinerId: Miner01 ,Height: 1
[func (b *Block) show()]:
Version: 1 ,PrevHash: 0000000627c200b131d63780edf2364be7abd893948995a353386ee23dcc5479 ,Time: 1713861734 ,TargetBits: 29 ,Nonce: 411779348237935561 ,TxRoot: 3219900e8f483c6b6e97d532e5175373062cfb0433f06bca4edb3fc04d4ddf7b
MinerId: Miner03 ,Height: 2
[func (b *Block) show()]:
Version: 1 ,PrevHash: 00000002f224efcfb097b64f82024ad6885dbd9999f7a9a3c849482a84e41062 ,Time: 1713861759 ,TargetBits: 29 ,Nonce: 3466299358183795793 ,TxRoot: ed2f367cd8e4de17afbd4ab47fee82b6a83ec40f01bab4d4ea89edd032254dc3
MinerId: Miner03 ,Height: 3
[func (b *Block) show()]:
Version: 1 ,PrevHash: 00000000d81519f25acb512284762bbb25deb44816dcfce965ed6d22a24624c0 ,Time: 1713861825 ,TargetBits: 29 ,Nonce: 2904176259884484252 ,TxRoot: 02f201290c0dcc9d570e66073466142d43a2c836e19a11113b30bc8b9deb1912
MinerId: Miner03 ,Height: 4
[func (b *Block) show()]:
Version: 1 ,PrevHash: 00000003963425b55a0faabfca10fdd8450b5e85a1936be92c24db60c0bb8b21 ,Time: 1713861915 ,TargetBits: 29 ,Nonce: 6477302347213619674 ,TxRoot: 35eddb257ef8365e280964ac8c3ad845f038d3ec24a666e0c0cf4af6cce10622
MinerId: Miner03 ,Height: 5
[func (b *Block) show()]:
Version: 1 ,PrevHash: 00000004e01ffbfbf42412c9be349a2d36d6d73be64bc0f91501ad455075cf07 ,Time: 1713862030 ,TargetBits: 29 ,Nonce: 7548019710414541982 ,TxRoot: 23f3185654e5bc62fef228b703bd4168308aa020a3e52f4b34959c1a4dcc37e8
MinerId: Miner01 ,Height: 6
---------------------------------------------------------------------------------------
[func (bc *BlockChain) NewBlock()]:
[func (b *Block) init()]:
Version: 1 ,Time: 1713862055 ,TargetBits: 29 ,Nonce: 5942739334030721736 ,MinerId: Miner02
[func (bc *BlockChain) AddPrevMessage()]:
newBlock.Contain.Height: 7
TxRoot: 7b23a30a22331bb7c9bad2f9bd1ae4c3f85b884592f8c1ed091cc0588937cd9d
newBlock.Head.TxRoot: 7b23a30a22331bb7c9bad2f9bd1ae4c3f85b884592f8c1ed091cc0588937cd9d
newBlock.Head.PrevHash: 00000005b5c6b4147a0f0bbb33d6967ff6e1965e2d5ae8acb2cf47a703b5b084
[func (b *Block) show()]:
Version: 1 ,PrevHash: 00000005b5c6b4147a0f0bbb33d6967ff6e1965e2d5ae8acb2cf47a703b5b084 ,Time: 1713862055 ,TargetBits: 29 ,Nonce: 5942739334030721736 ,TxRoot: 7b23a30a22331bb7c9bad2f9bd1ae4c3f85b884592f8c1ed091cc0588937cd9d
MinerId: Miner02 ,Height: 7
Handling new connection...
Received BlockChain:
---------------------------------------------------------------------------------------
【Show the entire blockchain】:
[func (b *Block) show()]:
Version: 1 ,PrevHash: 0000000000000000000000000000000000000000000000000000000000000000 ,Time: 0 ,TargetBits: 29 ,Nonce: 347306002 ,TxRoot: fcbf7eec47cd910feb4194075e2727ad570395629af5c98c0972b6aa8ce03af0
MinerId: Mr.Dai ,Height: 0
[func (b *Block) show()]:
Version: 1 ,PrevHash: 000000071d3d84f2bf84c56a616edd963c0a1a7fa490c34a010e9c580ce19397 ,Time: 1713861517 ,TargetBits: 29 ,Nonce: 7682130885682942646 ,TxRoot: d05e0f6974bab222b57dd24ecf0f4ce2d5e4a5519125d2abbc172ab503b517df
MinerId: Miner01 ,Height: 1
[func (b *Block) show()]:
Version: 1 ,PrevHash: 0000000627c200b131d63780edf2364be7abd893948995a353386ee23dcc5479 ,Time: 1713861734 ,TargetBits: 29 ,Nonce: 411779348237935561 ,TxRoot: 3219900e8f483c6b6e97d532e5175373062cfb0433f06bca4edb3fc04d4ddf7b
MinerId: Miner03 ,Height: 2
[func (b *Block) show()]:
Version: 1 ,PrevHash: 00000002f224efcfb097b64f82024ad6885dbd9999f7a9a3c849482a84e41062 ,Time: 1713861759 ,TargetBits: 29 ,Nonce: 3466299358183795793 ,TxRoot: ed2f367cd8e4de17afbd4ab47fee82b6a83ec40f01bab4d4ea89edd032254dc3
MinerId: Miner03 ,Height: 3
[func (b *Block) show()]:
Version: 1 ,PrevHash: 00000000d81519f25acb512284762bbb25deb44816dcfce965ed6d22a24624c0 ,Time: 1713861825 ,TargetBits: 29 ,Nonce: 2904176259884484252 ,TxRoot: 02f201290c0dcc9d570e66073466142d43a2c836e19a11113b30bc8b9deb1912
MinerId: Miner03 ,Height: 4
[func (b *Block) show()]:
Version: 1 ,PrevHash: 00000003963425b55a0faabfca10fdd8450b5e85a1936be92c24db60c0bb8b21 ,Time: 1713861915 ,TargetBits: 29 ,Nonce: 6477302347213619674 ,TxRoot: 35eddb257ef8365e280964ac8c3ad845f038d3ec24a666e0c0cf4af6cce10622
MinerId: Miner03 ,Height: 5
[func (b *Block) show()]:
Version: 1 ,PrevHash: 00000004e01ffbfbf42412c9be349a2d36d6d73be64bc0f91501ad455075cf07 ,Time: 1713862030 ,TargetBits: 29 ,Nonce: 7548019710414541982 ,TxRoot: 23f3185654e5bc62fef228b703bd4168308aa020a3e52f4b34959c1a4dcc37e8
MinerId: Miner01 ,Height: 6
[func (b *Block) show()]:
Version: 1 ,PrevHash: 00000005b5c6b4147a0f0bbb33d6967ff6e1965e2d5ae8acb2cf47a703b5b084 ,Time: 1713862054 ,TargetBits: 29 ,Nonce: 1642178632760329918 ,TxRoot: 06f038c9db5aee09019699f11c3cb3de02c2fe8ea49dd46ba77f8060968d3efe
MinerId: Miner01 ,Height: 7
---------------------------------------------------------------------------------------
[func (bc *BlockChain) Validate()]:
TxRoot: 06f038c9db5aee09019699f11c3cb3de02c2fe8ea49dd46ba77f8060968d3efe
TxRoot: 23f3185654e5bc62fef228b703bd4168308aa020a3e52f4b34959c1a4dcc37e8
TxRoot: 35eddb257ef8365e280964ac8c3ad845f038d3ec24a666e0c0cf4af6cce10622
TxRoot: 02f201290c0dcc9d570e66073466142d43a2c836e19a11113b30bc8b9deb1912
TxRoot: ed2f367cd8e4de17afbd4ab47fee82b6a83ec40f01bab4d4ea89edd032254dc3
TxRoot: 3219900e8f483c6b6e97d532e5175373062cfb0433f06bca4edb3fc04d4ddf7b
TxRoot: d05e0f6974bab222b57dd24ecf0f4ce2d5e4a5519125d2abbc172ab503b517df
BlockChain is valid!
[func (bc *Blockchain) SaveBlockchain()]:
Save block: 0 [123 34 72 101 97 100 34 58 123 34 86 101 114 115 105 111 110 34 58 49 44 34 80 114 101 118 72 97 115 104 34 58 34 48 48 48 48 48 48 48 48 48 48 48 48 48 48 48 48 48 48 48 48 48 48 48 48 48 48 48 48 48 48 48 48 48 48 48 48 48 48 48 48 48 48 48 48 48 48 48 48 48 48 48 48 48 48 48 48 48 48 48 48 48 48 48 48 34 44 34 84 105 109 101 34 58 48 44 34 84 97 114 103 101 116 66 105 116 115 34 58 50 57 44 34 78 111 110 99 101 34 58 51 52 55 51 48 54 48 48 50 44 34 84 120 82 111 111 116 34 58 34 102 99 98 102 55 101 101 99 52 55 99 100 57 49 48 102 101 98 52 49 57 52 48 55 53 101 50 55 50 55 97 100 53 55 48 51 57 53 54 50 57 97 102 53 99 57 56 99 48 57 55 50 98 54 97 97 56 99 101 48 51 97 102 48 34 125 44 34 67 111 110 116 97 105 110 34 58 123 34 77 105 110 101 114 73 100 34 58 34 77 114 46 68 97 105 34 44 34 72 101 105 103 104 116 34 58 48 125 125]
Save block: 1713861517 [123 34 72 101 97 100 34 58 123 34 86 101 114 115 105 111 110 34 58 49 44 34 80 114 101 118 72 97 115 104 34 58 34 48 48 48 48 48 48 48 55 49 100 51 100 56 52 102 50 98 102 56 52 99 53 54 97 54 49 54 101 100 100 57 54 51 99 48 97 49 97 55 102 97 52 57 48 99 51 52 97 48 49 48 101 57 99 53 56 48 99 101 49 57 51 57 55 34 44 34 84 105 109 101 34 58 49 55 49 51 56 54 49 53 49 55 44 34 84 97 114 103 101 116 66 105 116 115 34 58 50 57 44 34 78 111 110 99 101 34 58 55 54 56 50 49 51 48 56 56 53 54 56 50 57 52 50 54 52 54 44 34 84 120 82 111 111 116 34 58 34 100 48 53 101 48 102 54 57 55 52 98 97 98 50 50 50 98 53 55 100 100 50 52 101 99 102 48 102 52 99 101 50 100 53 101 52 97 53 53 49 57 49 50 53 100 50 97 98 98 99 49 55 50 97 98 53 48 51 98 53 49 55 100 102 34 125 44 34 67 111 110 116 97 105 110 34 58 123 34 77 105 110 101 114 73 100 34 58 34 77 105 110 101 114 48 49 34 44 34 72 101 105 103 104 116 34 58 49 125 125]
Save block: 1713861734 [123 34 72 101 97 100 34 58 123 34 86 101 114 115 105 111 110 34 58 49 44 34 80 114 101 118 72 97 115 104 34 58 34 48 48 48 48 48 48 48 54 50 55 99 50 48 48 98 49 51 49 100 54 51 55 56 48 101 100 102 50 51 54 52 98 101 55 97 98 100 56 57 51 57 52 56 57 57 53 97 51 53 51 51 56 54 101 101 50 51 100 99 99 53 52 55 57 34 44 34 84 105 109 101 34 58 49 55 49 51 56 54 49 55 51 52 44 34 84 97 114 103 101 116 66 105 116 115 34 58 50 57 44 34 78 111 110 99 101 34 58 52 49 49 55 55 57 51 52 56 50 51 55 57 51 53 53 54 49 44 34 84 120 82 111 111 116 34 58 34 51 50 49 57 57 48 48 101 56 102 52 56 51 99 54 98 54 101 57 55 100 53 51 50 101 53 49 55 53 51 55 51 48 54 50 99 102 98 48 52 51 51 102 48 54 98 99 97 52 101 100 98 51 102 99 48 52 100 52 100 100 102 55 98 34 125 44 34 67 111 110 116 97 105 110 34 58 123 34 77 105 110 101 114 73 100 34 58 34 77 105 110 101 114 48 51 34 44 34 72 101 105 103 104 116 34 58 50 125 125]
Save block: 1713861759 [123 34 72 101 97 100 34 58 123 34 86 101 114 115 105 111 110 34 58 49 44 34 80 114 101 118 72 97 115 104 34 58 34 48 48 48 48 48 48 48 50 102 50 50 52 101 102 99 102 98 48 57 55 98 54 52 102 56 50 48 50 52 97 100 54 56 56 53 100 98 100 57 57 57 57 102 55 97 57 97 51 99 56 52 57 52 56 50 97 56 52 101 52 49 48 54 50 34 44 34 84 105 109 101 34 58 49 55 49 51 56 54 49 55 53 57 44 34 84 97 114 103 101 116 66 105 116 115 34 58 50 57 44 34 78 111 110 99 101 34 58 51 52 54 54 50 57 57 51 53 56 49 56 51 55 57 53 55 57 51 44 34 84 120 82 111 111 116 34 58 34 101 100 50 102 51 54 55 99 100 56 101 52 100 101 49 55 97 102 98 100 52 97 98 52 55 102 101 101 56 50 98 54 97 56 51 101 99 52 48 102 48 49 98 97 98 52 100 52 101 97 56 57 101 100 100 48 51 50 50 53 52 100 99 51 34 125 44 34 67 111 110 116 97 105 110 34 58 123 34 77 105 110 101 114 73 100 34 58 34 77 105 110 101 114 48 51 34 44 34 72 101 105 103 104 116 34 58 51 125 125]
Save block: 1713861825 [123 34 72 101 97 100 34 58 123 34 86 101 114 115 105 111 110 34 58 49 44 34 80 114 101 118 72 97 115 104 34 58 34 48 48 48 48 48 48 48 48 100 56 49 53 49 57 102 50 53 97 99 98 53 49 50 50 56 52 55 54 50 98 98 98 50 53 100 101 98 52 52 56 49 54 100 99 102 99 101 57 54 53 101 100 54 100 50 50 97 50 52 54 50 52 99 48 34 44 34 84 105 109 101 34 58 49 55 49 51 56 54 49 56 50 53 44 34 84 97 114 103 101 116 66 105 116 115 34 58 50 57 44 34 78 111 110 99 101 34 58 50 57 48 52 49 55 54 50 53 57 56 56 52 52 56 52 50 53 50 44 34 84 120 82 111 111 116 34 58 34 48 50 102 50 48 49 50 57 48 99 48 100 99 99 57 100 53 55 48 101 54 54 48 55 51 52 54 54 49 52 50 100 52 51 97 50 99 56 51 54 101 49 57 97 49 49 49 49 51 98 51 48 98 99 56 98 57 100 101 98 49 57 49 50 34 125 44 34 67 111 110 116 97 105 110 34 58 123 34 77 105 110 101 114 73 100 34 58 34 77 105 110 101 114 48 51 34 44 34 72 101 105 103 104 116 34 58 52 125 125]
Save block: 1713861915 [123 34 72 101 97 100 34 58 123 34 86 101 114 115 105 111 110 34 58 49 44 34 80 114 101 118 72 97 115 104 34 58 34 48 48 48 48 48 48 48 51 57 54 51 52 50 53 98 53 53 97 48 102 97 97 98 102 99 97 49 48 102 100 100 56 52 53 48 98 53 101 56 53 97 49 57 51 54 98 101 57 50 99 50 52 100 98 54 48 99 48 98 98 56 98 50 49 34 44 34 84 105 109 101 34 58 49 55 49 51 56 54 49 57 49 53 44 34 84 97 114 103 101 116 66 105 116 115 34 58 50 57 44 34 78 111 110 99 101 34 58 54 52 55 55 51 48 50 51 52 55 50 49 51 54 49 57 54 55 52 44 34 84 120 82 111 111 116 34 58 34 51 53 101 100 100 98 50 53 55 101 102 56 51 54 53 101 50 56 48 57 54 52 97 99 56 99 51 97 100 56 52 53 102 48 51 56 100 51 101 99 50 52 97 54 54 54 101 48 99 48 99 102 52 97 102 54 99 99 101 49 48 54 50 50 34 125 44 34 67 111 110 116 97 105 110 34 58 123 34 77 105 110 101 114 73 100 34 58 34 77 105 110 101 114 48 51 34 44 34 72 101 105 103 104 116 34 58 53 125 125]
Save block: 1713862030 [123 34 72 101 97 100 34 58 123 34 86 101 114 115 105 111 110 34 58 49 44 34 80 114 101 118 72 97 115 104 34 58 34 48 48 48 48 48 48 48 52 101 48 49 102 102 98 102 98 102 52 50 52 49 50 99 57 98 101 51 52 57 97 50 100 51 54 100 54 100 55 51 98 101 54 52 98 99 48 102 57 49 53 48 49 97 100 52 53 53 48 55 53 99 102 48 55 34 44 34 84 105 109 101 34 58 49 55 49 51 56 54 50 48 51 48 44 34 84 97 114 103 101 116 66 105 116 115 34 58 50 57 44 34 78 111 110 99 101 34 58 55 53 52 56 48 49 57 55 49 48 52 49 52 53 52 49 57 56 50 44 34 84 120 82 111 111 116 34 58 34 50 51 102 51 49 56 53 54 53 52 101 53 98 99 54 50 102 101 102 50 50 56 98 55 48 51 98 100 52 49 54 56 51 48 56 97 97 48 50 48 97 51 101 53 50 102 52 98 51 52 57 53 57 99 49 97 52 100 99 99 51 55 101 56 34 125 44 34 67 111 110 116 97 105 110 34 58 123 34 77 105 110 101 114 73 100 34 58 34 77 105 110 101 114 48 49 34 44 34 72 101 105 103 104 116 34 58 54 125 125]
Save block: 1713862054 [123 34 72 101 97 100 34 58 123 34 86 101 114 115 105 111 110 34 58 49 44 34 80 114 101 118 72 97 115 104 34 58 34 48 48 48 48 48 48 48 53 98 53 99 54 98 52 49 52 55 97 48 102 48 98 98 98 51 51 100 54 57 54 55 102 102 54 101 49 57 54 53 101 50 100 53 97 101 56 97 99 98 50 99 102 52 55 97 55 48 51 98 53 98 48 56 52 34 44 34 84 105 109 101 34 58 49 55 49 51 56 54 50 48 53 52 44 34 84 97 114 103 101 116 66 105 116 115 34 58 50 57 44 34 78 111 110 99 101 34 58 49 54 52 50 49 55 56 54 51 50 55 54 48 51 50 57 57 49 56 44 34 84 120 82 111 111 116 34 58 34 48 54 102 48 51 56 99 57 100 98 53 97 101 101 48 57 48 49 57 54 57 57 102 49 49 99 51 99 98 51 100 101 48 50 99 50 102 101 56 101 97 52 57 100 100 52 54 98 97 55 55 102 56 48 54 48 57 54 56 100 51 101 102 101 34 125 44 34 67 111 110 116 97 105 110 34 58 123 34 77 105 110 101 114 73 100 34 58 34 77 105 110 101 114 48 49 34 44 34 72 101 105 103 104 116 34 58 55 125 125]
---------------------------------------------------------------------------------------
【Show the entire blockchain】:
[func (b *Block) show()]:
Version: 1 ,PrevHash: 0000000000000000000000000000000000000000000000000000000000000000 ,Time: 0 ,TargetBits: 29 ,Nonce: 347306002 ,TxRoot: fcbf7eec47cd910feb4194075e2727ad570395629af5c98c0972b6aa8ce03af0
MinerId: Mr.Dai ,Height: 0
[func (b *Block) show()]:
Version: 1 ,PrevHash: 000000071d3d84f2bf84c56a616edd963c0a1a7fa490c34a010e9c580ce19397 ,Time: 1713861517 ,TargetBits: 29 ,Nonce: 7682130885682942646 ,TxRoot: d05e0f6974bab222b57dd24ecf0f4ce2d5e4a5519125d2abbc172ab503b517df
MinerId: Miner01 ,Height: 1
[func (b *Block) show()]:
Version: 1 ,PrevHash: 0000000627c200b131d63780edf2364be7abd893948995a353386ee23dcc5479 ,Time: 1713861734 ,TargetBits: 29 ,Nonce: 411779348237935561 ,TxRoot: 3219900e8f483c6b6e97d532e5175373062cfb0433f06bca4edb3fc04d4ddf7b
MinerId: Miner03 ,Height: 2
[func (b *Block) show()]:
Version: 1 ,PrevHash: 00000002f224efcfb097b64f82024ad6885dbd9999f7a9a3c849482a84e41062 ,Time: 1713861759 ,TargetBits: 29 ,Nonce: 3466299358183795793 ,TxRoot: ed2f367cd8e4de17afbd4ab47fee82b6a83ec40f01bab4d4ea89edd032254dc3
MinerId: Miner03 ,Height: 3
[func (b *Block) show()]:
Version: 1 ,PrevHash: 00000000d81519f25acb512284762bbb25deb44816dcfce965ed6d22a24624c0 ,Time: 1713861825 ,TargetBits: 29 ,Nonce: 2904176259884484252 ,TxRoot: 02f201290c0dcc9d570e66073466142d43a2c836e19a11113b30bc8b9deb1912
MinerId: Miner03 ,Height: 4
[func (b *Block) show()]:
Version: 1 ,PrevHash: 00000003963425b55a0faabfca10fdd8450b5e85a1936be92c24db60c0bb8b21 ,Time: 1713861915 ,TargetBits: 29 ,Nonce: 6477302347213619674 ,TxRoot: 35eddb257ef8365e280964ac8c3ad845f038d3ec24a666e0c0cf4af6cce10622
MinerId: Miner03 ,Height: 5
[func (b *Block) show()]:
Version: 1 ,PrevHash: 00000004e01ffbfbf42412c9be349a2d36d6d73be64bc0f91501ad455075cf07 ,Time: 1713862030 ,TargetBits: 29 ,Nonce: 7548019710414541982 ,TxRoot: 23f3185654e5bc62fef228b703bd4168308aa020a3e52f4b34959c1a4dcc37e8
MinerId: Miner01 ,Height: 6
[func (b *Block) show()]:
Version: 1 ,PrevHash: 00000005b5c6b4147a0f0bbb33d6967ff6e1965e2d5ae8acb2cf47a703b5b084 ,Time: 1713862054 ,TargetBits: 29 ,Nonce: 1642178632760329918 ,TxRoot: 06f038c9db5aee09019699f11c3cb3de02c2fe8ea49dd46ba77f8060968d3efe
MinerId: Miner01 ,Height: 7
---------------------------------------------------------------------------------------
[func (bc *BlockChain) NewBlock()]:
[func (b *Block) init()]:
Version: 1 ,Time: 1713862107 ,TargetBits: 29 ,Nonce: 6782146277806046448 ,MinerId: Miner02
[func (bc *BlockChain) AddPrevMessage()]:
newBlock.Contain.Height: 8
TxRoot: 25d20e3797b9d2fa815314f7bfc67702d6c9d53dfc25b7a213b8068661b3da7c
newBlock.Head.TxRoot: 25d20e3797b9d2fa815314f7bfc67702d6c9d53dfc25b7a213b8068661b3da7c
newBlock.Head.PrevHash: 00000006a8f3ab7aba539ff3304593554819ea8b69e2cd7d1d1ac2b11f2a323f
[func (b *Block) show()]:
Version: 1 ,PrevHash: 00000006a8f3ab7aba539ff3304593554819ea8b69e2cd7d1d1ac2b11f2a323f ,Time: 1713862107 ,TargetBits: 29 ,Nonce: 6782146277806046448 ,TxRoot: 25d20e3797b9d2fa815314f7bfc67702d6c9d53dfc25b7a213b8068661b3da7c
MinerId: Miner02 ,Height: 8
---------------------------------------------------------------------------------------
RoundMine success with Nonce: 6782146278038071776
HashInt__: 176691754760509956161288365382738784188106455254992195331638273806023
targetInt: 215679573337205118357336120696157045389097155380324579848828881993728
---------------------------------------------------------------------------------------
[func (bc *Blockchain) SaveBlockchain()]:
Save block: 0 [123 34 72 101 97 100 34 58 123 34 86 101 114 115 105 111 110 34 58 49 44 34 80 114 101 118 72 97 115 104 34 58 34 48 48 48 48 48 48 48 48 48 48 48 48 48 48 48 48 48 48 48 48 48 48 48 48 48 48 48 48 48 48 48 48 48 48 48 48 48 48 48 48 48 48 48 48 48 48 48 48 48 48 48 48 48 48 48 48 48 48 48 48 48 48 48 48 34 44 34 84 105 109 101 34 58 48 44 34 84 97 114 103 101 116 66 105 116 115 34 58 50 57 44 34 78 111 110 99 101 34 58 51 52 55 51 48 54 48 48 50 44 34 84 120 82 111 111 116 34 58 34 102 99 98 102 55 101 101 99 52 55 99 100 57 49 48 102 101 98 52 49 57 52 48 55 53 101 50 55 50 55 97 100 53 55 48 51 57 53 54 50 57 97 102 53 99 57 56 99 48 57 55 50 98 54 97 97 56 99 101 48 51 97 102 48 34 125 44 34 67 111 110 116 97 105 110 34 58 123 34 77 105 110 101 114 73 100 34 58 34 77 114 46 68 97 105 34 44 34 72 101 105 103 104 116 34 58 48 125 125]
Save block: 1713861517 [123 34 72 101 97 100 34 58 123 34 86 101 114 115 105 111 110 34 58 49 44 34 80 114 101 118 72 97 115 104 34 58 34 48 48 48 48 48 48 48 55 49 100 51 100 56 52 102 50 98 102 56 52 99 53 54 97 54 49 54 101 100 100 57 54 51 99 48 97 49 97 55 102 97 52 57 48 99 51 52 97 48 49 48 101 57 99 53 56 48 99 101 49 57 51 57 55 34 44 34 84 105 109 101 34 58 49 55 49 51 56 54 49 53 49 55 44 34 84 97 114 103 101 116 66 105 116 115 34 58 50 57 44 34 78 111 110 99 101 34 58 55 54 56 50 49 51 48 56 56 53 54 56 50 57 52 50 54 52 54 44 34 84 120 82 111 111 116 34 58 34 100 48 53 101 48 102 54 57 55 52 98 97 98 50 50 50 98 53 55 100 100 50 52 101 99 102 48 102 52 99 101 50 100 53 101 52 97 53 53 49 57 49 50 53 100 50 97 98 98 99 49 55 50 97 98 53 48 51 98 53 49 55 100 102 34 125 44 34 67 111 110 116 97 105 110 34 58 123 34 77 105 110 101 114 73 100 34 58 34 77 105 110 101 114 48 49 34 44 34 72 101 105 103 104 116 34 58 49 125 125]
Save block: 1713861734 [123 34 72 101 97 100 34 58 123 34 86 101 114 115 105 111 110 34 58 49 44 34 80 114 101 118 72 97 115 104 34 58 34 48 48 48 48 48 48 48 54 50 55 99 50 48 48 98 49 51 49 100 54 51 55 56 48 101 100 102 50 51 54 52 98 101 55 97 98 100 56 57 51 57 52 56 57 57 53 97 51 53 51 51 56 54 101 101 50 51 100 99 99 53 52 55 57 34 44 34 84 105 109 101 34 58 49 55 49 51 56 54 49 55 51 52 44 34 84 97 114 103 101 116 66 105 116 115 34 58 50 57 44 34 78 111 110 99 101 34 58 52 49 49 55 55 57 51 52 56 50 51 55 57 51 53 53 54 49 44 34 84 120 82 111 111 116 34 58 34 51 50 49 57 57 48 48 101 56 102 52 56 51 99 54 98 54 101 57 55 100 53 51 50 101 53 49 55 53 51 55 51 48 54 50 99 102 98 48 52 51 51 102 48 54 98 99 97 52 101 100 98 51 102 99 48 52 100 52 100 100 102 55 98 34 125 44 34 67 111 110 116 97 105 110 34 58 123 34 77 105 110 101 114 73 100 34 58 34 77 105 110 101 114 48 51 34 44 34 72 101 105 103 104 116 34 58 50 125 125]
Save block: 1713861759 [123 34 72 101 97 100 34 58 123 34 86 101 114 115 105 111 110 34 58 49 44 34 80 114 101 118 72 97 115 104 34 58 34 48 48 48 48 48 48 48 50 102 50 50 52 101 102 99 102 98 48 57 55 98 54 52 102 56 50 48 50 52 97 100 54 56 56 53 100 98 100 57 57 57 57 102 55 97 57 97 51 99 56 52 57 52 56 50 97 56 52 101 52 49 48 54 50 34 44 34 84 105 109 101 34 58 49 55 49 51 56 54 49 55 53 57 44 34 84 97 114 103 101 116 66 105 116 115 34 58 50 57 44 34 78 111 110 99 101 34 58 51 52 54 54 50 57 57 51 53 56 49 56 51 55 57 53 55 57 51 44 34 84 120 82 111 111 116 34 58 34 101 100 50 102 51 54 55 99 100 56 101 52 100 101 49 55 97 102 98 100 52 97 98 52 55 102 101 101 56 50 98 54 97 56 51 101 99 52 48 102 48 49 98 97 98 52 100 52 101 97 56 57 101 100 100 48 51 50 50 53 52 100 99 51 34 125 44 34 67 111 110 116 97 105 110 34 58 123 34 77 105 110 101 114 73 100 34 58 34 77 105 110 101 114 48 51 34 44 34 72 101 105 103 104 116 34 58 51 125 125]
Save block: 1713861825 [123 34 72 101 97 100 34 58 123 34 86 101 114 115 105 111 110 34 58 49 44 34 80 114 101 118 72 97 115 104 34 58 34 48 48 48 48 48 48 48 48 100 56 49 53 49 57 102 50 53 97 99 98 53 49 50 50 56 52 55 54 50 98 98 98 50 53 100 101 98 52 52 56 49 54 100 99 102 99 101 57 54 53 101 100 54 100 50 50 97 50 52 54 50 52 99 48 34 44 34 84 105 109 101 34 58 49 55 49 51 56 54 49 56 50 53 44 34 84 97 114 103 101 116 66 105 116 115 34 58 50 57 44 34 78 111 110 99 101 34 58 50 57 48 52 49 55 54 50 53 57 56 56 52 52 56 52 50 53 50 44 34 84 120 82 111 111 116 34 58 34 48 50 102 50 48 49 50 57 48 99 48 100 99 99 57 100 53 55 48 101 54 54 48 55 51 52 54 54 49 52 50 100 52 51 97 50 99 56 51 54 101 49 57 97 49 49 49 49 51 98 51 48 98 99 56 98 57 100 101 98 49 57 49 50 34 125 44 34 67 111 110 116 97 105 110 34 58 123 34 77 105 110 101 114 73 100 34 58 34 77 105 110 101 114 48 51 34 44 34 72 101 105 103 104 116 34 58 52 125 125]
Save block: 1713861915 [123 34 72 101 97 100 34 58 123 34 86 101 114 115 105 111 110 34 58 49 44 34 80 114 101 118 72 97 115 104 34 58 34 48 48 48 48 48 48 48 51 57 54 51 52 50 53 98 53 53 97 48 102 97 97 98 102 99 97 49 48 102 100 100 56 52 53 48 98 53 101 56 53 97 49 57 51 54 98 101 57 50 99 50 52 100 98 54 48 99 48 98 98 56 98 50 49 34 44 34 84 105 109 101 34 58 49 55 49 51 56 54 49 57 49 53 44 34 84 97 114 103 101 116 66 105 116 115 34 58 50 57 44 34 78 111 110 99 101 34 58 54 52 55 55 51 48 50 51 52 55 50 49 51 54 49 57 54 55 52 44 34 84 120 82 111 111 116 34 58 34 51 53 101 100 100 98 50 53 55 101 102 56 51 54 53 101 50 56 48 57 54 52 97 99 56 99 51 97 100 56 52 53 102 48 51 56 100 51 101 99 50 52 97 54 54 54 101 48 99 48 99 102 52 97 102 54 99 99 101 49 48 54 50 50 34 125 44 34 67 111 110 116 97 105 110 34 58 123 34 77 105 110 101 114 73 100 34 58 34 77 105 110 101 114 48 51 34 44 34 72 101 105 103 104 116 34 58 53 125 125]
Save block: 1713862030 [123 34 72 101 97 100 34 58 123 34 86 101 114 115 105 111 110 34 58 49 44 34 80 114 101 118 72 97 115 104 34 58 34 48 48 48 48 48 48 48 52 101 48 49 102 102 98 102 98 102 52 50 52 49 50 99 57 98 101 51 52 57 97 50 100 51 54 100 54 100 55 51 98 101 54 52 98 99 48 102 57 49 53 48 49 97 100 52 53 53 48 55 53 99 102 48 55 34 44 34 84 105 109 101 34 58 49 55 49 51 56 54 50 48 51 48 44 34 84 97 114 103 101 116 66 105 116 115 34 58 50 57 44 34 78 111 110 99 101 34 58 55 53 52 56 48 49 57 55 49 48 52 49 52 53 52 49 57 56 50 44 34 84 120 82 111 111 116 34 58 34 50 51 102 51 49 56 53 54 53 52 101 53 98 99 54 50 102 101 102 50 50 56 98 55 48 51 98 100 52 49 54 56 51 48 56 97 97 48 50 48 97 51 101 53 50 102 52 98 51 52 57 53 57 99 49 97 52 100 99 99 51 55 101 56 34 125 44 34 67 111 110 116 97 105 110 34 58 123 34 77 105 110 101 114 73 100 34 58 34 77 105 110 101 114 48 49 34 44 34 72 101 105 103 104 116 34 58 54 125 125]
Save block: 1713862054 [123 34 72 101 97 100 34 58 123 34 86 101 114 115 105 111 110 34 58 49 44 34 80 114 101 118 72 97 115 104 34 58 34 48 48 48 48 48 48 48 53 98 53 99 54 98 52 49 52 55 97 48 102 48 98 98 98 51 51 100 54 57 54 55 102 102 54 101 49 57 54 53 101 50 100 53 97 101 56 97 99 98 50 99 102 52 55 97 55 48 51 98 53 98 48 56 52 34 44 34 84 105 109 101 34 58 49 55 49 51 56 54 50 48 53 52 44 34 84 97 114 103 101 116 66 105 116 115 34 58 50 57 44 34 78 111 110 99 101 34 58 49 54 52 50 49 55 56 54 51 50 55 54 48 51 50 57 57 49 56 44 34 84 120 82 111 111 116 34 58 34 48 54 102 48 51 56 99 57 100 98 53 97 101 101 48 57 48 49 57 54 57 57 102 49 49 99 51 99 98 51 100 101 48 50 99 50 102 101 56 101 97 52 57 100 100 52 54 98 97 55 55 102 56 48 54 48 57 54 56 100 51 101 102 101 34 125 44 34 67 111 110 116 97 105 110 34 58 123 34 77 105 110 101 114 73 100 34 58 34 77 105 110 101 114 48 49 34 44 34 72 101 105 103 104 116 34 58 55 125 125]
Save block: 1713862107 [123 34 72 101 97 100 34 58 123 34 86 101 114 115 105 111 110 34 58 49 44 34 80 114 101 118 72 97 115 104 34 58 34 48 48 48 48 48 48 48 54 97 56 102 51 97 98 55 97 98 97 53 51 57 102 102 51 51 48 52 53 57 51 53 53 52 56 49 57 101 97 56 98 54 57 101 50 99 100 55 100 49 100 49 97 99 50 98 49 49 102 50 97 51 50 51 102 34 44 34 84 105 109 101 34 58 49 55 49 51 56 54 50 49 48 55 44 34 84 97 114 103 101 116 66 105 116 115 34 58 50 57 44 34 78 111 110 99 101 34 58 54 55 56 50 49 52 54 50 55 56 48 51 56 48 55 49 55 55 54 44 34 84 120 82 111 111 116 34 58 34 50 53 100 50 48 101 51 55 57 55 98 57 100 50 102 97 56 49 53 51 49 52 102 55 98 102 99 54 55 55 48 50 100 54 99 57 100 53 51 100 102 99 50 53 98 55 97 50 49 51 98 56 48 54 56 54 54 49 98 51 100 97 55 99 34 125 44 34 67 111 110 116 97 105 110 34 58 123 34 77 105 110 101 114 73 100 34 58 34 77 105 110 101 114 48 50 34 44 34 72 101 105 103 104 116 34 58 56 125 125]
[func (bc *BlockChain) NewBlock()]:
[func (b *Block) init()]:
Version: 1 ,Time: 1713862242 ,TargetBits: 29 ,Nonce: 7094740302919445732 ,MinerId: Miner02
[func (bc *BlockChain) AddPrevMessage()]:
newBlock.Contain.Height: 9
TxRoot: 3f71d9c8f1ab80dba29e7641281936d7f46cbf5335ab70999aac7c1698bc6fcd
newBlock.Head.TxRoot: 3f71d9c8f1ab80dba29e7641281936d7f46cbf5335ab70999aac7c1698bc6fcd
newBlock.Head.PrevHash: 000000068dc9dcef46d84aedec709e61c59f8c5891acde6e9bd3e4eacdf48ec7
[func (b *Block) show()]:
Version: 1 ,PrevHash: 000000068dc9dcef46d84aedec709e61c59f8c5891acde6e9bd3e4eacdf48ec7 ,Time: 1713862242 ,TargetBits: 29 ,Nonce: 7094740302919445732 ,TxRoot: 3f71d9c8f1ab80dba29e7641281936d7f46cbf5335ab70999aac7c1698bc6fcd
MinerId: Miner02 ,Height: 9
[func (bc *BlockChain) Serialize()]:
blockchainJSON: {"Blocks":[{"Head":{"Version":1,"PrevHash":"0000000000000000000000000000000000000000000000000000000000000000","Time":0,"TargetBits":29,"Nonce":347306002,"TxRoot":"fcbf7eec47cd910feb4194075e2727ad570395629af5c98c0972b6aa8ce03af0"},"Contain":{"MinerId":"Mr.Dai","Height":0}},{"Head":{"Version":1,"PrevHash":"000000071d3d84f2bf84c56a616edd963c0a1a7fa490c34a010e9c580ce19397","Time":1713861517,"TargetBits":29,"Nonce":7682130885682942646,"TxRoot":"d05e0f6974bab222b57dd24ecf0f4ce2d5e4a5519125d2abbc172ab503b517df"},"Contain":{"MinerId":"Miner01","Height":1}},{"Head":{"Version":1,"PrevHash":"0000000627c200b131d63780edf2364be7abd893948995a353386ee23dcc5479","Time":1713861734,"TargetBits":29,"Nonce":411779348237935561,"TxRoot":"3219900e8f483c6b6e97d532e5175373062cfb0433f06bca4edb3fc04d4ddf7b"},"Contain":{"MinerId":"Miner03","Height":2}},{"Head":{"Version":1,"PrevHash":"00000002f224efcfb097b64f82024ad6885dbd9999f7a9a3c849482a84e41062","Time":1713861759,"TargetBits":29,"Nonce":3466299358183795793,"TxRoot":"ed2f367cd8e4de17afbd4ab47fee82b6a83ec40f01bab4d4ea89edd032254dc3"},"Contain":{"MinerId":"Miner03","Height":3}},{"Head":{"Version":1,"PrevHash":"00000000d81519f25acb512284762bbb25deb44816dcfce965ed6d22a24624c0","Time":1713861825,"TargetBits":29,"Nonce":2904176259884484252,"TxRoot":"02f201290c0dcc9d570e66073466142d43a2c836e19a11113b30bc8b9deb1912"},"Contain":{"MinerId":"Miner03","Height":4}},{"Head":{"Version":1,"PrevHash":"00000003963425b55a0faabfca10fdd8450b5e85a1936be92c24db60c0bb8b21","Time":1713861915,"TargetBits":29,"Nonce":6477302347213619674,"TxRoot":"35eddb257ef8365e280964ac8c3ad845f038d3ec24a666e0c0cf4af6cce10622"},"Contain":{"MinerId":"Miner03","Height":5}},{"Head":{"Version":1,"PrevHash":"00000004e01ffbfbf42412c9be349a2d36d6d73be64bc0f91501ad455075cf07","Time":1713862030,"TargetBits":29,"Nonce":7548019710414541982,"TxRoot":"23f3185654e5bc62fef228b703bd4168308aa020a3e52f4b34959c1a4dcc37e8"},"Contain":{"MinerId":"Miner01","Height":6}},{"Head":{"Version":1,"PrevHash":"00000005b5c6b4147a0f0bbb33d6967ff6e1965e2d5ae8acb2cf47a703b5b084","Time":1713862054,"TargetBits":29,"Nonce":1642178632760329918,"TxRoot":"06f038c9db5aee09019699f11c3cb3de02c2fe8ea49dd46ba77f8060968d3efe"},"Contain":{"MinerId":"Miner01","Height":7}},{"Head":{"Version":1,"PrevHash":"00000006a8f3ab7aba539ff3304593554819ea8b69e2cd7d1d1ac2b11f2a323f","Time":1713862107,"TargetBits":29,"Nonce":6782146278038071776,"TxRoot":"25d20e3797b9d2fa815314f7bfc67702d6c9d53dfc25b7a213b8068661b3da7c"},"Contain":{"MinerId":"Miner02","Height":8}}]}
2024/04/23 16:50:42 BlockChain sent successfully
2024/04/23 16:50:42 BlockChain sent successfully
[func (bc *BlockChain) Serialize()]:
blockchainJSON: {"Blocks":[{"Head":{"Version":1,"PrevHash":"0000000000000000000000000000000000000000000000000000000000000000","Time":0,"TargetBits":29,"Nonce":347306002,"TxRoot":"fcbf7eec47cd910feb4194075e2727ad570395629af5c98c0972b6aa8ce03af0"},"Contain":{"MinerId":"Mr.Dai","Height":0}},{"Head":{"Version":1,"PrevHash":"000000071d3d84f2bf84c56a616edd963c0a1a7fa490c34a010e9c580ce19397","Time":1713861517,"TargetBits":29,"Nonce":7682130885682942646,"TxRoot":"d05e0f6974bab222b57dd24ecf0f4ce2d5e4a5519125d2abbc172ab503b517df"},"Contain":{"MinerId":"Miner01","Height":1}},{"Head":{"Version":1,"PrevHash":"0000000627c200b131d63780edf2364be7abd893948995a353386ee23dcc5479","Time":1713861734,"TargetBits":29,"Nonce":411779348237935561,"TxRoot":"3219900e8f483c6b6e97d532e5175373062cfb0433f06bca4edb3fc04d4ddf7b"},"Contain":{"MinerId":"Miner03","Height":2}},{"Head":{"Version":1,"PrevHash":"00000002f224efcfb097b64f82024ad6885dbd9999f7a9a3c849482a84e41062","Time":1713861759,"TargetBits":29,"Nonce":3466299358183795793,"TxRoot":"ed2f367cd8e4de17afbd4ab47fee82b6a83ec40f01bab4d4ea89edd032254dc3"},"Contain":{"MinerId":"Miner03","Height":3}},{"Head":{"Version":1,"PrevHash":"00000000d81519f25acb512284762bbb25deb44816dcfce965ed6d22a24624c0","Time":1713861825,"TargetBits":29,"Nonce":2904176259884484252,"TxRoot":"02f201290c0dcc9d570e66073466142d43a2c836e19a11113b30bc8b9deb1912"},"Contain":{"MinerId":"Miner03","Height":4}},{"Head":{"Version":1,"PrevHash":"00000003963425b55a0faabfca10fdd8450b5e85a1936be92c24db60c0bb8b21","Time":1713861915,"TargetBits":29,"Nonce":6477302347213619674,"TxRoot":"35eddb257ef8365e280964ac8c3ad845f038d3ec24a666e0c0cf4af6cce10622"},"Contain":{"MinerId":"Miner03","Height":5}},{"Head":{"Version":1,"PrevHash":"00000004e01ffbfbf42412c9be349a2d36d6d73be64bc0f91501ad455075cf07","Time":1713862030,"TargetBits":29,"Nonce":7548019710414541982,"TxRoot":"23f3185654e5bc62fef228b703bd4168308aa020a3e52f4b34959c1a4dcc37e8"},"Contain":{"MinerId":"Miner01","Height":6}},{"Head":{"Version":1,"PrevHash":"00000005b5c6b4147a0f0bbb33d6967ff6e1965e2d5ae8acb2cf47a703b5b084","Time":1713862054,"TargetBits":29,"Nonce":1642178632760329918,"TxRoot":"06f038c9db5aee09019699f11c3cb3de02c2fe8ea49dd46ba77f8060968d3efe"},"Contain":{"MinerId":"Miner01","Height":7}},{"Head":{"Version":1,"PrevHash":"00000006a8f3ab7aba539ff3304593554819ea8b69e2cd7d1d1ac2b11f2a323f","Time":1713862107,"TargetBits":29,"Nonce":6782146278038071776,"TxRoot":"25d20e3797b9d2fa815314f7bfc67702d6c9d53dfc25b7a213b8068661b3da7c"},"Contain":{"MinerId":"Miner02","Height":8}}]}
Handling new connection...
Received BlockChain:
---------------------------------------------------------------------------------------
【Show the entire blockchain】:
[func (b *Block) show()]:
Version: 1 ,PrevHash: 0000000000000000000000000000000000000000000000000000000000000000 ,Time: 0 ,TargetBits: 29 ,Nonce: 347306002 ,TxRoot: fcbf7eec47cd910feb4194075e2727ad570395629af5c98c0972b6aa8ce03af0
MinerId: Mr.Dai ,Height: 0
[func (b *Block) show()]:
Version: 1 ,PrevHash: 000000071d3d84f2bf84c56a616edd963c0a1a7fa490c34a010e9c580ce19397 ,Time: 1713861517 ,TargetBits: 29 ,Nonce: 7682130885682942646 ,TxRoot: d05e0f6974bab222b57dd24ecf0f4ce2d5e4a5519125d2abbc172ab503b517df
MinerId: Miner01 ,Height: 1
[func (b *Block) show()]:
Version: 1 ,PrevHash: 0000000627c200b131d63780edf2364be7abd893948995a353386ee23dcc5479 ,Time: 1713861734 ,TargetBits: 29 ,Nonce: 411779348237935561 ,TxRoot: 3219900e8f483c6b6e97d532e5175373062cfb0433f06bca4edb3fc04d4ddf7b
MinerId: Miner03 ,Height: 2
[func (b *Block) show()]:
Version: 1 ,PrevHash: 00000002f224efcfb097b64f82024ad6885dbd9999f7a9a3c849482a84e41062 ,Time: 1713861759 ,TargetBits: 29 ,Nonce: 3466299358183795793 ,TxRoot: ed2f367cd8e4de17afbd4ab47fee82b6a83ec40f01bab4d4ea89edd032254dc3
MinerId: Miner03 ,Height: 3
[func (b *Block) show()]:
Version: 1 ,PrevHash: 00000000d81519f25acb512284762bbb25deb44816dcfce965ed6d22a24624c0 ,Time: 1713861825 ,TargetBits: 29 ,Nonce: 2904176259884484252 ,TxRoot: 02f201290c0dcc9d570e66073466142d43a2c836e19a11113b30bc8b9deb1912
MinerId: Miner03 ,Height: 4
[func (b *Block) show()]:
Version: 1 ,PrevHash: 00000003963425b55a0faabfca10fdd8450b5e85a1936be92c24db60c0bb8b21 ,Time: 1713861915 ,TargetBits: 29 ,Nonce: 6477302347213619674 ,TxRoot: 35eddb257ef8365e280964ac8c3ad845f038d3ec24a666e0c0cf4af6cce10622
MinerId: Miner03 ,Height: 5
[func (b *Block) show()]:
Version: 1 ,PrevHash: 00000004e01ffbfbf42412c9be349a2d36d6d73be64bc0f91501ad455075cf07 ,Time: 1713862030 ,TargetBits: 29 ,Nonce: 7548019710414541982 ,TxRoot: 23f3185654e5bc62fef228b703bd4168308aa020a3e52f4b34959c1a4dcc37e8
MinerId: Miner01 ,Height: 6
[func (b *Block) show()]:
Version: 1 ,PrevHash: 00000005b5c6b4147a0f0bbb33d6967ff6e1965e2d5ae8acb2cf47a703b5b084 ,Time: 1713862054 ,TargetBits: 29 ,Nonce: 1642178632760329918 ,TxRoot: 06f038c9db5aee09019699f11c3cb3de02c2fe8ea49dd46ba77f8060968d3efe
MinerId: Miner01 ,Height: 7
[func (b *Block) show()]:
Version: 1 ,PrevHash: 00000006a8f3ab7aba539ff3304593554819ea8b69e2cd7d1d1ac2b11f2a323f ,Time: 1713862107 ,TargetBits: 29 ,Nonce: 6782146278038071776 ,TxRoot: 25d20e3797b9d2fa815314f7bfc67702d6c9d53dfc25b7a213b8068661b3da7c
MinerId: Miner02 ,Height: 8
[func (b *Block) show()]:
Version: 1 ,PrevHash: 000000068dc9dcef46d84aedec709e61c59f8c5891acde6e9bd3e4eacdf48ec7 ,Time: 1713862243 ,TargetBits: 29 ,Nonce: 524486937788956190 ,TxRoot: c8a09b9a36aced5138c9936914c0568b8341de9780d7ddd3ff933c24541b1da8
MinerId: Miner03 ,Height: 9
---------------------------------------------------------------------------------------
[func (bc *BlockChain) Validate()]:
TxRoot: c8a09b9a36aced5138c9936914c0568b8341de9780d7ddd3ff933c24541b1da8
TxRoot: 25d20e3797b9d2fa815314f7bfc67702d6c9d53dfc25b7a213b8068661b3da7c
TxRoot: 06f038c9db5aee09019699f11c3cb3de02c2fe8ea49dd46ba77f8060968d3efe
TxRoot: 23f3185654e5bc62fef228b703bd4168308aa020a3e52f4b34959c1a4dcc37e8
TxRoot: 35eddb257ef8365e280964ac8c3ad845f038d3ec24a666e0c0cf4af6cce10622
TxRoot: 02f201290c0dcc9d570e66073466142d43a2c836e19a11113b30bc8b9deb1912
TxRoot: ed2f367cd8e4de17afbd4ab47fee82b6a83ec40f01bab4d4ea89edd032254dc3
TxRoot: 3219900e8f483c6b6e97d532e5175373062cfb0433f06bca4edb3fc04d4ddf7b
TxRoot: d05e0f6974bab222b57dd24ecf0f4ce2d5e4a5519125d2abbc172ab503b517df
BlockChain is valid!
[func (bc *Blockchain) SaveBlockchain()]:
Save block: 0 [123 34 72 101 97 100 34 58 123 34 86 101 114 115 105 111 110 34 58 49 44 34 80 114 101 118 72 97 115 104 34 58 34 48 48 48 48 48 48 48 48 48 48 48 48 48 48 48 48 48 48 48 48 48 48 48 48 48 48 48 48 48 48 48 48 48 48 48 48 48 48 48 48 48 48 48 48 48 48 48 48 48 48 48 48 48 48 48 48 48 48 48 48 48 48 48 48 34 44 34 84 105 109 101 34 58 48 44 34 84 97 114 103 101 116 66 105 116 115 34 58 50 57 44 34 78 111 110 99 101 34 58 51 52 55 51 48 54 48 48 50 44 34 84 120 82 111 111 116 34 58 34 102 99 98 102 55 101 101 99 52 55 99 100 57 49 48 102 101 98 52 49 57 52 48 55 53 101 50 55 50 55 97 100 53 55 48 51 57 53 54 50 57 97 102 53 99 57 56 99 48 57 55 50 98 54 97 97 56 99 101 48 51 97 102 48 34 125 44 34 67 111 110 116 97 105 110 34 58 123 34 77 105 110 101 114 73 100 34 58 34 77 114 46 68 97 105 34 44 34 72 101 105 103 104 116 34 58 48 125 125]
Save block: 1713861517 [123 34 72 101 97 100 34 58 123 34 86 101 114 115 105 111 110 34 58 49 44 34 80 114 101 118 72 97 115 104 34 58 34 48 48 48 48 48 48 48 55 49 100 51 100 56 52 102 50 98 102 56 52 99 53 54 97 54 49 54 101 100 100 57 54 51 99 48 97 49 97 55 102 97 52 57 48 99 51 52 97 48 49 48 101 57 99 53 56 48 99 101 49 57 51 57 55 34 44 34 84 105 109 101 34 58 49 55 49 51 56 54 49 53 49 55 44 34 84 97 114 103 101 116 66 105 116 115 34 58 50 57 44 34 78 111 110 99 101 34 58 55 54 56 50 49 51 48 56 56 53 54 56 50 57 52 50 54 52 54 44 34 84 120 82 111 111 116 34 58 34 100 48 53 101 48 102 54 57 55 52 98 97 98 50 50 50 98 53 55 100 100 50 52 101 99 102 48 102 52 99 101 50 100 53 101 52 97 53 53 49 57 49 50 53 100 50 97 98 98 99 49 55 50 97 98 53 48 51 98 53 49 55 100 102 34 125 44 34 67 111 110 116 97 105 110 34 58 123 34 77 105 110 101 114 73 100 34 58 34 77 105 110 101 114 48 49 34 44 34 72 101 105 103 104 116 34 58 49 125 125]
Save block: 1713861734 [123 34 72 101 97 100 34 58 123 34 86 101 114 115 105 111 110 34 58 49 44 34 80 114 101 118 72 97 115 104 34 58 34 48 48 48 48 48 48 48 54 50 55 99 50 48 48 98 49 51 49 100 54 51 55 56 48 101 100 102 50 51 54 52 98 101 55 97 98 100 56 57 51 57 52 56 57 57 53 97 51 53 51 51 56 54 101 101 50 51 100 99 99 53 52 55 57 34 44 34 84 105 109 101 34 58 49 55 49 51 56 54 49 55 51 52 44 34 84 97 114 103 101 116 66 105 116 115 34 58 50 57 44 34 78 111 110 99 101 34 58 52 49 49 55 55 57 51 52 56 50 51 55 57 51 53 53 54 49 44 34 84 120 82 111 111 116 34 58 34 51 50 49 57 57 48 48 101 56 102 52 56 51 99 54 98 54 101 57 55 100 53 51 50 101 53 49 55 53 51 55 51 48 54 50 99 102 98 48 52 51 51 102 48 54 98 99 97 52 101 100 98 51 102 99 48 52 100 52 100 100 102 55 98 34 125 44 34 67 111 110 116 97 105 110 34 58 123 34 77 105 110 101 114 73 100 34 58 34 77 105 110 101 114 48 51 34 44 34 72 101 105 103 104 116 34 58 50 125 125]
Save block: 1713861759 [123 34 72 101 97 100 34 58 123 34 86 101 114 115 105 111 110 34 58 49 44 34 80 114 101 118 72 97 115 104 34 58 34 48 48 48 48 48 48 48 50 102 50 50 52 101 102 99 102 98 48 57 55 98 54 52 102 56 50 48 50 52 97 100 54 56 56 53 100 98 100 57 57 57 57 102 55 97 57 97 51 99 56 52 57 52 56 50 97 56 52 101 52 49 48 54 50 34 44 34 84 105 109 101 34 58 49 55 49 51 56 54 49 55 53 57 44 34 84 97 114 103 101 116 66 105 116 115 34 58 50 57 44 34 78 111 110 99 101 34 58 51 52 54 54 50 57 57 51 53 56 49 56 51 55 57 53 55 57 51 44 34 84 120 82 111 111 116 34 58 34 101 100 50 102 51 54 55 99 100 56 101 52 100 101 49 55 97 102 98 100 52 97 98 52 55 102 101 101 56 50 98 54 97 56 51 101 99 52 48 102 48 49 98 97 98 52 100 52 101 97 56 57 101 100 100 48 51 50 50 53 52 100 99 51 34 125 44 34 67 111 110 116 97 105 110 34 58 123 34 77 105 110 101 114 73 100 34 58 34 77 105 110 101 114 48 51 34 44 34 72 101 105 103 104 116 34 58 51 125 125]
Save block: 1713861825 [123 34 72 101 97 100 34 58 123 34 86 101 114 115 105 111 110 34 58 49 44 34 80 114 101 118 72 97 115 104 34 58 34 48 48 48 48 48 48 48 48 100 56 49 53 49 57 102 50 53 97 99 98 53 49 50 50 56 52 55 54 50 98 98 98 50 53 100 101 98 52 52 56 49 54 100 99 102 99 101 57 54 53 101 100 54 100 50 50 97 50 52 54 50 52 99 48 34 44 34 84 105 109 101 34 58 49 55 49 51 56 54 49 56 50 53 44 34 84 97 114 103 101 116 66 105 116 115 34 58 50 57 44 34 78 111 110 99 101 34 58 50 57 48 52 49 55 54 50 53 57 56 56 52 52 56 52 50 53 50 44 34 84 120 82 111 111 116 34 58 34 48 50 102 50 48 49 50 57 48 99 48 100 99 99 57 100 53 55 48 101 54 54 48 55 51 52 54 54 49 52 50 100 52 51 97 50 99 56 51 54 101 49 57 97 49 49 49 49 51 98 51 48 98 99 56 98 57 100 101 98 49 57 49 50 34 125 44 34 67 111 110 116 97 105 110 34 58 123 34 77 105 110 101 114 73 100 34 58 34 77 105 110 101 114 48 51 34 44 34 72 101 105 103 104 116 34 58 52 125 125]
Save block: 1713861915 [123 34 72 101 97 100 34 58 123 34 86 101 114 115 105 111 110 34 58 49 44 34 80 114 101 118 72 97 115 104 34 58 34 48 48 48 48 48 48 48 51 57 54 51 52 50 53 98 53 53 97 48 102 97 97 98 102 99 97 49 48 102 100 100 56 52 53 48 98 53 101 56 53 97 49 57 51 54 98 101 57 50 99 50 52 100 98 54 48 99 48 98 98 56 98 50 49 34 44 34 84 105 109 101 34 58 49 55 49 51 56 54 49 57 49 53 44 34 84 97 114 103 101 116 66 105 116 115 34 58 50 57 44 34 78 111 110 99 101 34 58 54 52 55 55 51 48 50 51 52 55 50 49 51 54 49 57 54 55 52 44 34 84 120 82 111 111 116 34 58 34 51 53 101 100 100 98 50 53 55 101 102 56 51 54 53 101 50 56 48 57 54 52 97 99 56 99 51 97 100 56 52 53 102 48 51 56 100 51 101 99 50 52 97 54 54 54 101 48 99 48 99 102 52 97 102 54 99 99 101 49 48 54 50 50 34 125 44 34 67 111 110 116 97 105 110 34 58 123 34 77 105 110 101 114 73 100 34 58 34 77 105 110 101 114 48 51 34 44 34 72 101 105 103 104 116 34 58 53 125 125]
Save block: 1713862030 [123 34 72 101 97 100 34 58 123 34 86 101 114 115 105 111 110 34 58 49 44 34 80 114 101 118 72 97 115 104 34 58 34 48 48 48 48 48 48 48 52 101 48 49 102 102 98 102 98 102 52 50 52 49 50 99 57 98 101 51 52 57 97 50 100 51 54 100 54 100 55 51 98 101 54 52 98 99 48 102 57 49 53 48 49 97 100 52 53 53 48 55 53 99 102 48 55 34 44 34 84 105 109 101 34 58 49 55 49 51 56 54 50 48 51 48 44 34 84 97 114 103 101 116 66 105 116 115 34 58 50 57 44 34 78 111 110 99 101 34 58 55 53 52 56 48 49 57 55 49 48 52 49 52 53 52 49 57 56 50 44 34 84 120 82 111 111 116 34 58 34 50 51 102 51 49 56 53 54 53 52 101 53 98 99 54 50 102 101 102 50 50 56 98 55 48 51 98 100 52 49 54 56 51 48 56 97 97 48 50 48 97 51 101 53 50 102 52 98 51 52 57 53 57 99 49 97 52 100 99 99 51 55 101 56 34 125 44 34 67 111 110 116 97 105 110 34 58 123 34 77 105 110 101 114 73 100 34 58 34 77 105 110 101 114 48 49 34 44 34 72 101 105 103 104 116 34 58 54 125 125]
Save block: 1713862054 [123 34 72 101 97 100 34 58 123 34 86 101 114 115 105 111 110 34 58 49 44 34 80 114 101 118 72 97 115 104 34 58 34 48 48 48 48 48 48 48 53 98 53 99 54 98 52 49 52 55 97 48 102 48 98 98 98 51 51 100 54 57 54 55 102 102 54 101 49 57 54 53 101 50 100 53 97 101 56 97 99 98 50 99 102 52 55 97 55 48 51 98 53 98 48 56 52 34 44 34 84 105 109 101 34 58 49 55 49 51 56 54 50 48 53 52 44 34 84 97 114 103 101 116 66 105 116 115 34 58 50 57 44 34 78 111 110 99 101 34 58 49 54 52 50 49 55 56 54 51 50 55 54 48 51 50 57 57 49 56 44 34 84 120 82 111 111 116 34 58 34 48 54 102 48 51 56 99 57 100 98 53 97 101 101 48 57 48 49 57 54 57 57 102 49 49 99 51 99 98 51 100 101 48 50 99 50 102 101 56 101 97 52 57 100 100 52 54 98 97 55 55 102 56 48 54 48 57 54 56 100 51 101 102 101 34 125 44 34 67 111 110 116 97 105 110 34 58 123 34 77 105 110 101 114 73 100 34 58 34 77 105 110 101 114 48 49 34 44 34 72 101 105 103 104 116 34 58 55 125 125]
Save block: 1713862107 [123 34 72 101 97 100 34 58 123 34 86 101 114 115 105 111 110 34 58 49 44 34 80 114 101 118 72 97 115 104 34 58 34 48 48 48 48 48 48 48 54 97 56 102 51 97 98 55 97 98 97 53 51 57 102 102 51 51 48 52 53 57 51 53 53 52 56 49 57 101 97 56 98 54 57 101 50 99 100 55 100 49 100 49 97 99 50 98 49 49 102 50 97 51 50 51 102 34 44 34 84 105 109 101 34 58 49 55 49 51 56 54 50 49 48 55 44 34 84 97 114 103 101 116 66 105 116 115 34 58 50 57 44 34 78 111 110 99 101 34 58 54 55 56 50 49 52 54 50 55 56 48 51 56 48 55 49 55 55 54 44 34 84 120 82 111 111 116 34 58 34 50 53 100 50 48 101 51 55 57 55 98 57 100 50 102 97 56 49 53 51 49 52 102 55 98 102 99 54 55 55 48 50 100 54 99 57 100 53 51 100 102 99 50 53 98 55 97 50 49 51 98 56 48 54 56 54 54 49 98 51 100 97 55 99 34 125 44 34 67 111 110 116 97 105 110 34 58 123 34 77 105 110 101 114 73 100 34 58 34 77 105 110 101 114 48 50 34 44 34 72 101 105 103 104 116 34 58 56 125 125]
Save block: 1713862243 [123 34 72 101 97 100 34 58 123 34 86 101 114 115 105 111 110 34 58 49 44 34 80 114 101 118 72 97 115 104 34 58 34 48 48 48 48 48 48 48 54 56 100 99 57 100 99 101 102 52 54 100 56 52 97 101 100 101 99 55 48 57 101 54 49 99 53 57 102 56 99 53 56 57 49 97 99 100 101 54 101 57 98 100 51 101 52 101 97 99 100 102 52 56 101 99 55 34 44 34 84 105 109 101 34 58 49 55 49 51 56 54 50 50 52 51 44 34 84 97 114 103 101 116 66 105 116 115 34 58 50 57 44 34 78 111 110 99 101 34 58 53 50 52 52 56 54 57 51 55 55 56 56 57 53 54 49 57 48 44 34 84 120 82 111 111 116 34 58 34 99 56 97 48 57 98 57 97 51 54 97 99 101 100 53 49 51 56 99 57 57 51 54 57 49 52 99 48 53 54 56 98 56 51 52 49 100 101 57 55 56 48 100 55 100 100 100 51 102 102 57 51 51 99 50 52 53 52 49 98 49 100 97 56 34 125 44 34 67 111 110 116 97 105 110 34 58 123 34 77 105 110 101 114 73 100 34 58 34 77 105 110 101 114 48 51 34 44 34 72 101 105 103 104 116 34 58 57 125 125]
---------------------------------------------------------------------------------------
【Show the entire blockchain】:
[func (b *Block) show()]:
Version: 1 ,PrevHash: 0000000000000000000000000000000000000000000000000000000000000000 ,Time: 0 ,TargetBits: 29 ,Nonce: 347306002 ,TxRoot: fcbf7eec47cd910feb4194075e2727ad570395629af5c98c0972b6aa8ce03af0
MinerId: Mr.Dai ,Height: 0
[func (b *Block) show()]:
Version: 1 ,PrevHash: 000000071d3d84f2bf84c56a616edd963c0a1a7fa490c34a010e9c580ce19397 ,Time: 1713861517 ,TargetBits: 29 ,Nonce: 7682130885682942646 ,TxRoot: d05e0f6974bab222b57dd24ecf0f4ce2d5e4a5519125d2abbc172ab503b517df
MinerId: Miner01 ,Height: 1
[func (b *Block) show()]:
Version: 1 ,PrevHash: 0000000627c200b131d63780edf2364be7abd893948995a353386ee23dcc5479 ,Time: 1713861734 ,TargetBits: 29 ,Nonce: 411779348237935561 ,TxRoot: 3219900e8f483c6b6e97d532e5175373062cfb0433f06bca4edb3fc04d4ddf7b
MinerId: Miner03 ,Height: 2
[func (b *Block) show()]:
Version: 1 ,PrevHash: 00000002f224efcfb097b64f82024ad6885dbd9999f7a9a3c849482a84e41062 ,Time: 1713861759 ,TargetBits: 29 ,Nonce: 3466299358183795793 ,TxRoot: ed2f367cd8e4de17afbd4ab47fee82b6a83ec40f01bab4d4ea89edd032254dc3
MinerId: Miner03 ,Height: 3
[func (b *Block) show()]:
Version: 1 ,PrevHash: 00000000d81519f25acb512284762bbb25deb44816dcfce965ed6d22a24624c0 ,Time: 1713861825 ,TargetBits: 29 ,Nonce: 2904176259884484252 ,TxRoot: 02f201290c0dcc9d570e66073466142d43a2c836e19a11113b30bc8b9deb1912
MinerId: Miner03 ,Height: 4
[func (b *Block) show()]:
Version: 1 ,PrevHash: 00000003963425b55a0faabfca10fdd8450b5e85a1936be92c24db60c0bb8b21 ,Time: 1713861915 ,TargetBits: 29 ,Nonce: 6477302347213619674 ,TxRoot: 35eddb257ef8365e280964ac8c3ad845f038d3ec24a666e0c0cf4af6cce10622
MinerId: Miner03 ,Height: 5
[func (b *Block) show()]:
Version: 1 ,PrevHash: 00000004e01ffbfbf42412c9be349a2d36d6d73be64bc0f91501ad455075cf07 ,Time: 1713862030 ,TargetBits: 29 ,Nonce: 7548019710414541982 ,TxRoot: 23f3185654e5bc62fef228b703bd4168308aa020a3e52f4b34959c1a4dcc37e8
MinerId: Miner01 ,Height: 6
[func (b *Block) show()]:
Version: 1 ,PrevHash: 00000005b5c6b4147a0f0bbb33d6967ff6e1965e2d5ae8acb2cf47a703b5b084 ,Time: 1713862054 ,TargetBits: 29 ,Nonce: 1642178632760329918 ,TxRoot: 06f038c9db5aee09019699f11c3cb3de02c2fe8ea49dd46ba77f8060968d3efe
MinerId: Miner01 ,Height: 7
[func (b *Block) show()]:
Version: 1 ,PrevHash: 00000006a8f3ab7aba539ff3304593554819ea8b69e2cd7d1d1ac2b11f2a323f ,Time: 1713862107 ,TargetBits: 29 ,Nonce: 6782146278038071776 ,TxRoot: 25d20e3797b9d2fa815314f7bfc67702d6c9d53dfc25b7a213b8068661b3da7c
MinerId: Miner02 ,Height: 8
[func (b *Block) show()]:
Version: 1 ,PrevHash: 000000068dc9dcef46d84aedec709e61c59f8c5891acde6e9bd3e4eacdf48ec7 ,Time: 1713862243 ,TargetBits: 29 ,Nonce: 524486937788956190 ,TxRoot: c8a09b9a36aced5138c9936914c0568b8341de9780d7ddd3ff933c24541b1da8
MinerId: Miner03 ,Height: 9
---------------------------------------------------------------------------------------
[func (bc *BlockChain) NewBlock()]:
[func (b *Block) init()]:
Version: 1 ,Time: 1713862333 ,TargetBits: 29 ,Nonce: 8085851613542863089 ,MinerId: Miner02
[func (bc *BlockChain) AddPrevMessage()]:
newBlock.Contain.Height: 10
TxRoot: 74357cbb9b53d3184d13e23a0b78ab86bc04c369fc674440c79f9463d3e292f4
newBlock.Head.TxRoot: 74357cbb9b53d3184d13e23a0b78ab86bc04c369fc674440c79f9463d3e292f4
newBlock.Head.PrevHash: 000000045d45282c7d9fcb2955043a8eb15c969f60c8509adbb124ca9a64d75d
[func (b *Block) show()]:
Version: 1 ,PrevHash: 000000045d45282c7d9fcb2955043a8eb15c969f60c8509adbb124ca9a64d75d ,Time: 1713862333 ,TargetBits: 29 ,Nonce: 8085851613542863089 ,TxRoot: 74357cbb9b53d3184d13e23a0b78ab86bc04c369fc674440c79f9463d3e292f4
MinerId: Miner02 ,Height: 10

Process finished with the exit code -1073741510 (0xC000013A: interrupted by Ctrl+C)
